2024-06-26 23:29:20 INFO  TestBase:42 - Navigating to URL : https://naveenautomationlabs.com/opencart/index.php?route=account/login
2024-06-26 23:29:23 INFO  TestBase:48 - Navigated to URL : https://naveenautomationlabs.com/opencart/index.php?route=account/login
2024-06-26 23:29:23 INFO  TestBase:91 - Finding an element:  By.id: input-email
2024-06-26 23:29:23 INFO  TestBase:96 - Found the element:  By.id: input-email
2024-06-26 23:29:23 INFO  TestBase:91 - Finding an element:  By.id: input-password
2024-06-26 23:29:23 INFO  TestBase:96 - Found the element:  By.id: input-password
2024-06-26 23:29:23 INFO  TestBase:91 - Finding an element:  By.xpath: //input[@type='submit']
2024-06-26 23:29:23 INFO  TestBase:96 - Found the element:  By.xpath: //input[@type='submit']
2024-06-26 23:29:23 INFO  TestBase:102 - Clicking on element:  
2024-06-26 23:30:44 INFO  TestBase:42 - Navigating to URL : https://naveenautomationlabs.com/opencart/index.php?route=account/login
2024-06-26 23:30:46 INFO  TestBase:48 - Navigated to URL : https://naveenautomationlabs.com/opencart/index.php?route=account/login
2024-06-26 23:30:46 INFO  TestBase:91 - Finding an element:  By.id: input-email
2024-06-26 23:30:46 INFO  TestBase:96 - Found the element:  By.id: input-email
2024-06-26 23:30:46 INFO  TestBase:91 - Finding an element:  By.id: input-password
2024-06-26 23:30:46 INFO  TestBase:96 - Found the element:  By.id: input-password
2024-06-26 23:30:46 INFO  TestBase:91 - Finding an element:  By.xpath: //input[@type='submit']
2024-06-26 23:30:46 INFO  TestBase:96 - Found the element:  By.xpath: //input[@type='submit']
2024-06-26 23:30:47 INFO  TestBase:91 - Finding an element:  By.cssSelector: div.list-group a:last-of-type
2024-06-26 23:30:47 INFO  TestBase:96 - Found the element:  By.cssSelector: div.list-group a:last-of-type
2024-06-26 23:30:47 INFO  TestBase:102 - Clicking on element:  Logout
2024-06-26 23:30:59 INFO  TestBase:42 - Navigating to URL : https://naveenautomationlabs.com/opencart/index.php?route=account/login
2024-06-26 23:31:01 INFO  TestBase:48 - Navigated to URL : https://naveenautomationlabs.com/opencart/index.php?route=account/login
2024-06-26 23:31:01 INFO  TestBase:91 - Finding an element:  By.id: input-email
2024-06-26 23:31:01 INFO  TestBase:96 - Found the element:  By.id: input-email
2024-06-26 23:31:01 INFO  TestBase:91 - Finding an element:  By.id: input-password
2024-06-26 23:31:01 INFO  TestBase:96 - Found the element:  By.id: input-password
2024-06-26 23:31:02 INFO  TestBase:91 - Finding an element:  By.xpath: //input[@type='submit']
2024-06-26 23:31:02 INFO  TestBase:96 - Found the element:  By.xpath: //input[@type='submit']
2024-06-26 23:31:02 INFO  TestBase:91 - Finding an element:  By.cssSelector: div.col-sm-9 h2:first-of-type
2024-06-26 23:31:02 INFO  TestBase:96 - Found the element:  By.cssSelector: div.col-sm-9 h2:first-of-type
2024-06-26 23:31:02 INFO  TestBase:168 - Getting text from element  My Account
2024-06-26 23:31:02 INFO  TestBase:174 - Text from element  My Account
2024-06-27 07:09:29 INFO  TestBase:42 - Navigating to URL : https://naveenautomationlabs.com/opencart/index.php?route=account/login
2024-06-27 07:09:33 INFO  TestBase:48 - Navigated to URL : https://naveenautomationlabs.com/opencart/index.php?route=account/login
2024-06-27 07:09:33 INFO  TestBase:12 - Test StartedvalidateLoginFunctionality
2024-06-27 07:09:33 INFO  TestBase:91 - Finding an element:  By.id: input-email
2024-06-27 07:09:33 INFO  TestBase:96 - Found the element:  By.id: input-email
2024-06-27 07:09:33 INFO  TestBase:91 - Finding an element:  By.id: input-password
2024-06-27 07:09:33 INFO  TestBase:96 - Found the element:  By.id: input-password
2024-06-27 07:09:34 INFO  TestBase:91 - Finding an element:  By.xpath: //input[@type='submit']
2024-06-27 07:09:34 INFO  TestBase:96 - Found the element:  By.xpath: //input[@type='submit']
2024-06-27 07:09:34 INFO  TestBase:91 - Finding an element:  By.cssSelector: div.col-sm-9 h2:first-of-type
2024-06-27 07:09:34 INFO  TestBase:96 - Found the element:  By.cssSelector: div.col-sm-9 h2:first-of-type
2024-06-27 07:09:34 INFO  TestBase:168 - Getting text from element  My Account
2024-06-27 07:09:34 INFO  TestBase:174 - Text from element  My Account
2024-06-27 07:09:34 INFO  TestBase:17 - Test PassedvalidateLoginFunctionality
2024-06-27 07:09:36 INFO  TestBase:42 - Navigating to URL : https://naveenautomationlabs.com/opencart/index.php?route=account/login
2024-06-27 07:09:40 INFO  TestBase:48 - Navigated to URL : https://naveenautomationlabs.com/opencart/index.php?route=account/login
2024-06-27 07:09:40 INFO  TestBase:12 - Test StartedvalidateLogoutFunctionality
2024-06-27 07:09:40 INFO  TestBase:91 - Finding an element:  By.id: input-email
2024-06-27 07:09:40 INFO  TestBase:96 - Found the element:  By.id: input-email
2024-06-27 07:09:40 INFO  TestBase:91 - Finding an element:  By.id: input-password
2024-06-27 07:09:40 INFO  TestBase:96 - Found the element:  By.id: input-password
2024-06-27 07:09:40 INFO  TestBase:91 - Finding an element:  By.xpath: //input[@type='submit']
2024-06-27 07:09:40 INFO  TestBase:96 - Found the element:  By.xpath: //input[@type='submit']
2024-06-27 07:09:41 INFO  TestBase:91 - Finding an element:  By.cssSelector: div.list-group a:last-of-type
2024-06-27 07:09:41 INFO  TestBase:96 - Found the element:  By.cssSelector: div.list-group a:last-of-type
2024-06-27 07:09:41 INFO  TestBase:102 - Clicking on element:  Logout
2024-06-27 07:09:41 INFO  TestBase:22 - Test FailedvalidateLogoutFunctionality
2024-06-27 07:09:41 INFO  TestBase:23 - Test Failed, taking screenshot
2024-06-27 07:09:43 INFO  TestBase:42 - Navigating to URL : https://naveenautomationlabs.com/opencart/index.php?route=account/login
2024-06-27 07:09:44 INFO  TestBase:48 - Navigated to URL : https://naveenautomationlabs.com/opencart/index.php?route=account/login
2024-06-27 07:09:44 INFO  TestBase:12 - Test StartedvalidateNewsletterSubscription
2024-06-27 07:09:44 INFO  TestBase:91 - Finding an element:  By.id: input-email
2024-06-27 07:09:45 INFO  TestBase:96 - Found the element:  By.id: input-email
2024-06-27 07:09:45 INFO  TestBase:91 - Finding an element:  By.id: input-password
2024-06-27 07:09:45 INFO  TestBase:96 - Found the element:  By.id: input-password
2024-06-27 07:09:46 INFO  TestBase:91 - Finding an element:  By.xpath: //input[@type='submit']
2024-06-27 07:09:46 INFO  TestBase:96 - Found the element:  By.xpath: //input[@type='submit']
2024-06-27 07:09:46 INFO  TestBase:91 - Finding an element:  By.cssSelector: div.list-group a:nth-of-type(12)
2024-06-27 07:09:46 INFO  TestBase:96 - Found the element:  By.cssSelector: div.list-group a:nth-of-type(12)
2024-06-27 07:09:46 INFO  TestBase:102 - Clicking on element:  Newsletter
2024-06-27 07:09:47 INFO  TestBase:22 - Test FailedvalidateNewsletterSubscription
2024-06-27 07:09:47 INFO  TestBase:23 - Test Failed, taking screenshot
2024-06-27 07:09:49 INFO  TestBase:42 - Navigating to URL : https://naveenautomationlabs.com/opencart/index.php?route=account/login
2024-06-27 07:09:52 INFO  TestBase:48 - Navigated to URL : https://naveenautomationlabs.com/opencart/index.php?route=account/login
2024-06-27 07:09:52 INFO  TestBase:12 - Test StartedvalidateUpdateAccountInfo
2024-06-27 07:09:52 INFO  TestBase:91 - Finding an element:  By.id: input-email
2024-06-27 07:09:52 INFO  TestBase:96 - Found the element:  By.id: input-email
2024-06-27 07:09:52 INFO  TestBase:91 - Finding an element:  By.id: input-password
2024-06-27 07:09:52 INFO  TestBase:96 - Found the element:  By.id: input-password
2024-06-27 07:09:52 INFO  TestBase:91 - Finding an element:  By.xpath: //input[@type='submit']
2024-06-27 07:09:52 INFO  TestBase:96 - Found the element:  By.xpath: //input[@type='submit']
2024-06-27 07:09:53 INFO  TestBase:91 - Finding an element:  By.cssSelector: div.list-group a:nth-of-type(2)
2024-06-27 07:09:53 INFO  TestBase:96 - Found the element:  By.cssSelector: div.list-group a:nth-of-type(2)
2024-06-27 07:09:53 INFO  TestBase:102 - Clicking on element:  Edit Account
2024-06-27 07:09:54 INFO  TestBase:22 - Test FailedvalidateUpdateAccountInfo
2024-06-27 07:09:54 INFO  TestBase:23 - Test Failed, taking screenshot
2024-06-27 07:09:57 INFO  TestBase:42 - Navigating to URL : https://naveenautomationlabs.com/opencart/index.php?route=account/login
2024-06-27 07:09:59 INFO  TestBase:48 - Navigated to URL : https://naveenautomationlabs.com/opencart/index.php?route=account/login
2024-06-27 07:09:59 INFO  TestBase:12 - Test StartedvalidateUpdateAffiliateInfo
2024-06-27 07:09:59 INFO  TestBase:91 - Finding an element:  By.id: input-email
2024-06-27 07:09:59 INFO  TestBase:96 - Found the element:  By.id: input-email
2024-06-27 07:10:00 INFO  TestBase:91 - Finding an element:  By.id: input-password
2024-06-27 07:10:00 INFO  TestBase:96 - Found the element:  By.id: input-password
2024-06-27 07:10:00 INFO  TestBase:91 - Finding an element:  By.xpath: //input[@type='submit']
2024-06-27 07:10:00 INFO  TestBase:96 - Found the element:  By.xpath: //input[@type='submit']
2024-06-27 07:10:01 INFO  TestBase:91 - Finding an element:  By.xpath: //a[text()='Edit your affiliate information']
2024-06-27 07:10:01 INFO  TestBase:96 - Found the element:  By.xpath: //a[text()='Edit your affiliate information']
2024-06-27 07:10:01 INFO  TestBase:102 - Clicking on element:  Edit your affiliate information
2024-06-27 07:10:02 INFO  TestBase:22 - Test FailedvalidateUpdateAffiliateInfo
2024-06-27 07:10:02 INFO  TestBase:23 - Test Failed, taking screenshot
2024-06-27 07:10:05 INFO  TestBase:42 - Navigating to URL : https://naveenautomationlabs.com/opencart/index.php?route=account/login
2024-06-27 07:10:06 INFO  TestBase:48 - Navigated to URL : https://naveenautomationlabs.com/opencart/index.php?route=account/login
2024-06-27 07:10:06 INFO  TestBase:12 - Test StartedvalidateUpdatePassword
2024-06-27 07:10:06 INFO  TestBase:91 - Finding an element:  By.id: input-email
2024-06-27 07:10:13 INFO  TestBase:96 - Found the element:  By.id: input-email
2024-06-27 07:10:14 INFO  TestBase:91 - Finding an element:  By.id: input-password
2024-06-27 07:10:14 INFO  TestBase:96 - Found the element:  By.id: input-password
2024-06-27 07:10:14 INFO  TestBase:91 - Finding an element:  By.xpath: //input[@type='submit']
2024-06-27 07:10:14 INFO  TestBase:96 - Found the element:  By.xpath: //input[@type='submit']
2024-06-27 07:10:15 INFO  TestBase:91 - Finding an element:  By.cssSelector: div.list-group a:nth-of-type(3)
2024-06-27 07:10:15 INFO  TestBase:96 - Found the element:  By.cssSelector: div.list-group a:nth-of-type(3)
2024-06-27 07:10:15 INFO  TestBase:102 - Clicking on element:  Password
2024-06-27 07:10:17 INFO  TestBase:22 - Test FailedvalidateUpdatePassword
2024-06-27 07:10:17 INFO  TestBase:23 - Test Failed, taking screenshot
2024-06-27 07:10:21 INFO  TestBase:42 - Navigating to URL : https://naveenautomationlabs.com/opencart/index.php?route=account/login
2024-06-27 07:10:22 INFO  TestBase:48 - Navigated to URL : https://naveenautomationlabs.com/opencart/index.php?route=account/login
2024-06-27 07:10:22 INFO  TestBase:12 - Test StartedvalidateDeletingDefaultAddress
2024-06-27 07:10:22 INFO  TestBase:91 - Finding an element:  By.id: input-email
2024-06-27 07:10:24 INFO  TestBase:96 - Found the element:  By.id: input-email
2024-06-27 07:10:24 INFO  TestBase:91 - Finding an element:  By.id: input-password
2024-06-27 07:10:24 INFO  TestBase:96 - Found the element:  By.id: input-password
2024-06-27 07:10:25 INFO  TestBase:91 - Finding an element:  By.xpath: //input[@type='submit']
2024-06-27 07:10:25 INFO  TestBase:96 - Found the element:  By.xpath: //input[@type='submit']
2024-06-27 07:10:25 INFO  TestBase:91 - Finding an element:  By.cssSelector: div.list-group a:nth-of-type(4)
2024-06-27 07:10:25 INFO  TestBase:96 - Found the element:  By.cssSelector: div.list-group a:nth-of-type(4)
2024-06-27 07:10:26 INFO  TestBase:102 - Clicking on element:  Address Book
2024-06-27 07:10:26 INFO  TestBase:22 - Test FailedvalidateDeletingDefaultAddress
2024-06-27 07:10:26 INFO  TestBase:23 - Test Failed, taking screenshot
2024-06-27 07:10:48 INFO  TestBase:42 - Navigating to URL : https://naveenautomationlabs.com/opencart/index.php?route=account/login
2024-06-27 07:10:50 INFO  TestBase:48 - Navigated to URL : https://naveenautomationlabs.com/opencart/index.php?route=account/login
2024-06-27 07:10:50 INFO  TestBase:12 - Test StartedvalidateAddNewAddress
2024-06-27 07:10:50 INFO  TestBase:91 - Finding an element:  By.id: input-email
2024-06-27 07:10:50 INFO  TestBase:96 - Found the element:  By.id: input-email
2024-06-27 07:10:51 INFO  TestBase:91 - Finding an element:  By.id: input-password
2024-06-27 07:10:51 INFO  TestBase:96 - Found the element:  By.id: input-password
2024-06-27 07:10:51 INFO  TestBase:91 - Finding an element:  By.xpath: //input[@type='submit']
2024-06-27 07:10:51 INFO  TestBase:96 - Found the element:  By.xpath: //input[@type='submit']
2024-06-27 07:10:51 INFO  TestBase:91 - Finding an element:  By.cssSelector: div.list-group a:nth-of-type(4)
2024-06-27 07:10:52 INFO  TestBase:96 - Found the element:  By.cssSelector: div.list-group a:nth-of-type(4)
2024-06-27 07:10:52 INFO  TestBase:102 - Clicking on element:  Address Book
2024-06-27 07:10:52 INFO  TestBase:22 - Test FailedvalidateAddNewAddress
2024-06-27 07:10:52 INFO  TestBase:23 - Test Failed, taking screenshot
2024-06-27 07:10:52 INFO  TestBase:12 - Test StartedvalidateDeleteExistingAddress
2024-06-27 07:10:52 INFO  TestBase:29 - Test SkippedvalidateDeleteExistingAddress
2024-06-27 07:29:12 INFO  TestBase:42 - Navigating to URL : https://naveenautomationlabs.com/opencart/index.php?route=account/login
2024-06-27 07:29:15 INFO  TestBase:48 - Navigated to URL : https://naveenautomationlabs.com/opencart/index.php?route=account/login
2024-06-27 07:29:15 INFO  TestBase:12 - Test StartedvalidateChangePswWithInvalidPsw
2024-06-27 07:29:15 INFO  TestBase:91 - Finding an element:  By.id: input-email
2024-06-27 07:29:15 INFO  TestBase:96 - Found the element:  By.id: input-email
2024-06-27 07:29:15 INFO  TestBase:91 - Finding an element:  By.id: input-password
2024-06-27 07:29:15 INFO  TestBase:96 - Found the element:  By.id: input-password
2024-06-27 07:29:15 INFO  TestBase:91 - Finding an element:  By.xpath: //input[@type='submit']
2024-06-27 07:29:15 INFO  TestBase:96 - Found the element:  By.xpath: //input[@type='submit']
2024-06-27 07:29:16 INFO  TestBase:91 - Finding an element:  By.cssSelector: div.list-group a:nth-of-type(3)
2024-06-27 07:29:16 INFO  TestBase:96 - Found the element:  By.cssSelector: div.list-group a:nth-of-type(3)
2024-06-27 07:29:16 INFO  TestBase:102 - Clicking on element:  Password
2024-06-27 07:29:16 INFO  TestBase:16 - Running the failed test : validateChangePswWithInvalidPsw
2024-06-27 07:29:16 INFO  TestBase:29 - Test SkippedvalidateChangePswWithInvalidPsw
2024-06-27 07:29:18 INFO  TestBase:42 - Navigating to URL : https://naveenautomationlabs.com/opencart/index.php?route=account/login
2024-06-27 07:29:20 INFO  TestBase:48 - Navigated to URL : https://naveenautomationlabs.com/opencart/index.php?route=account/login
2024-06-27 07:29:20 INFO  TestBase:12 - Test StartedvalidateChangePswWithInvalidPsw
2024-06-27 07:29:20 INFO  TestBase:91 - Finding an element:  By.id: input-email
2024-06-27 07:29:20 INFO  TestBase:96 - Found the element:  By.id: input-email
2024-06-27 07:29:20 INFO  TestBase:91 - Finding an element:  By.id: input-password
2024-06-27 07:29:20 INFO  TestBase:96 - Found the element:  By.id: input-password
2024-06-27 07:29:20 INFO  TestBase:91 - Finding an element:  By.xpath: //input[@type='submit']
2024-06-27 07:29:20 INFO  TestBase:96 - Found the element:  By.xpath: //input[@type='submit']
2024-06-27 07:29:21 INFO  TestBase:91 - Finding an element:  By.cssSelector: div.list-group a:nth-of-type(3)
2024-06-27 07:29:21 INFO  TestBase:96 - Found the element:  By.cssSelector: div.list-group a:nth-of-type(3)
2024-06-27 07:29:21 INFO  TestBase:102 - Clicking on element:  Password
2024-06-27 07:29:21 INFO  TestBase:22 - Test FailedvalidateChangePswWithInvalidPsw
2024-06-27 07:29:21 INFO  TestBase:23 - Test Failed, taking screenshot
2024-06-27 07:29:24 INFO  TestBase:42 - Navigating to URL : https://naveenautomationlabs.com/opencart/index.php?route=account/login
2024-06-27 07:29:31 INFO  TestBase:48 - Navigated to URL : https://naveenautomationlabs.com/opencart/index.php?route=account/login
2024-06-27 07:29:31 INFO  TestBase:12 - Test StartedvalidateChangePswWithMismatchPsw
2024-06-27 07:29:31 INFO  TestBase:91 - Finding an element:  By.id: input-email
2024-06-27 07:29:31 INFO  TestBase:96 - Found the element:  By.id: input-email
2024-06-27 07:29:31 INFO  TestBase:91 - Finding an element:  By.id: input-password
2024-06-27 07:29:31 INFO  TestBase:96 - Found the element:  By.id: input-password
2024-06-27 07:29:32 INFO  TestBase:91 - Finding an element:  By.xpath: //input[@type='submit']
2024-06-27 07:29:32 INFO  TestBase:96 - Found the element:  By.xpath: //input[@type='submit']
2024-06-27 07:29:32 INFO  TestBase:91 - Finding an element:  By.cssSelector: div.list-group a:nth-of-type(3)
2024-06-27 07:29:32 INFO  TestBase:96 - Found the element:  By.cssSelector: div.list-group a:nth-of-type(3)
2024-06-27 07:29:32 INFO  TestBase:102 - Clicking on element:  Password
2024-06-27 07:29:33 INFO  TestBase:16 - Running the failed test : validateChangePswWithMismatchPsw
2024-06-27 07:29:33 INFO  TestBase:29 - Test SkippedvalidateChangePswWithMismatchPsw
2024-06-27 07:29:36 INFO  TestBase:42 - Navigating to URL : https://naveenautomationlabs.com/opencart/index.php?route=account/login
2024-06-27 07:29:37 INFO  TestBase:48 - Navigated to URL : https://naveenautomationlabs.com/opencart/index.php?route=account/login
2024-06-27 07:29:37 INFO  TestBase:12 - Test StartedvalidateChangePswWithMismatchPsw
2024-06-27 07:29:37 INFO  TestBase:91 - Finding an element:  By.id: input-email
2024-06-27 07:29:38 INFO  TestBase:96 - Found the element:  By.id: input-email
2024-06-27 07:29:39 INFO  TestBase:91 - Finding an element:  By.id: input-password
2024-06-27 07:29:39 INFO  TestBase:96 - Found the element:  By.id: input-password
2024-06-27 07:29:39 INFO  TestBase:91 - Finding an element:  By.xpath: //input[@type='submit']
2024-06-27 07:29:39 INFO  TestBase:96 - Found the element:  By.xpath: //input[@type='submit']
2024-06-27 07:29:40 INFO  TestBase:91 - Finding an element:  By.cssSelector: div.list-group a:nth-of-type(3)
2024-06-27 07:29:40 INFO  TestBase:96 - Found the element:  By.cssSelector: div.list-group a:nth-of-type(3)
2024-06-27 07:29:40 INFO  TestBase:102 - Clicking on element:  Password
2024-06-27 07:29:41 INFO  TestBase:22 - Test FailedvalidateChangePswWithMismatchPsw
2024-06-27 07:29:41 INFO  TestBase:23 - Test Failed, taking screenshot
2024-06-27 07:29:43 INFO  TestBase:42 - Navigating to URL : https://naveenautomationlabs.com/opencart/index.php?route=account/login
2024-06-27 07:29:44 INFO  TestBase:48 - Navigated to URL : https://naveenautomationlabs.com/opencart/index.php?route=account/login
2024-06-27 07:29:44 INFO  TestBase:12 - Test StartedvalidateDeletingDefaultAddress
2024-06-27 07:29:44 INFO  TestBase:91 - Finding an element:  By.id: input-email
2024-06-27 07:29:46 INFO  TestBase:96 - Found the element:  By.id: input-email
2024-06-27 07:29:46 INFO  TestBase:91 - Finding an element:  By.id: input-password
2024-06-27 07:29:46 INFO  TestBase:96 - Found the element:  By.id: input-password
2024-06-27 07:29:47 INFO  TestBase:91 - Finding an element:  By.xpath: //input[@type='submit']
2024-06-27 07:29:47 INFO  TestBase:96 - Found the element:  By.xpath: //input[@type='submit']
2024-06-27 07:29:47 INFO  TestBase:91 - Finding an element:  By.cssSelector: div.list-group a:nth-of-type(4)
2024-06-27 07:29:47 INFO  TestBase:96 - Found the element:  By.cssSelector: div.list-group a:nth-of-type(4)
2024-06-27 07:29:47 INFO  TestBase:102 - Clicking on element:  Address Book
2024-06-27 07:29:48 INFO  TestBase:16 - Running the failed test : validateDeletingDefaultAddress
2024-06-27 07:29:48 INFO  TestBase:29 - Test SkippedvalidateDeletingDefaultAddress
2024-06-27 07:29:51 INFO  TestBase:42 - Navigating to URL : https://naveenautomationlabs.com/opencart/index.php?route=account/login
2024-06-27 07:29:52 INFO  TestBase:48 - Navigated to URL : https://naveenautomationlabs.com/opencart/index.php?route=account/login
2024-06-27 07:29:52 INFO  TestBase:12 - Test StartedvalidateDeletingDefaultAddress
2024-06-27 07:29:52 INFO  TestBase:91 - Finding an element:  By.id: input-email
2024-06-27 07:29:53 INFO  TestBase:96 - Found the element:  By.id: input-email
2024-06-27 07:29:53 INFO  TestBase:91 - Finding an element:  By.id: input-password
2024-06-27 07:29:53 INFO  TestBase:96 - Found the element:  By.id: input-password
2024-06-27 07:29:53 INFO  TestBase:91 - Finding an element:  By.xpath: //input[@type='submit']
2024-06-27 07:29:53 INFO  TestBase:96 - Found the element:  By.xpath: //input[@type='submit']
2024-06-27 07:29:54 INFO  TestBase:91 - Finding an element:  By.cssSelector: div.list-group a:nth-of-type(4)
2024-06-27 07:29:54 INFO  TestBase:96 - Found the element:  By.cssSelector: div.list-group a:nth-of-type(4)
2024-06-27 07:29:54 INFO  TestBase:102 - Clicking on element:  Address Book
2024-06-27 07:29:55 INFO  TestBase:22 - Test FailedvalidateDeletingDefaultAddress
2024-06-27 07:29:55 INFO  TestBase:23 - Test Failed, taking screenshot
2024-06-27 07:29:58 INFO  TestBase:42 - Navigating to URL : https://naveenautomationlabs.com/opencart/index.php?route=account/login
2024-06-27 07:29:59 INFO  TestBase:48 - Navigated to URL : https://naveenautomationlabs.com/opencart/index.php?route=account/login
2024-06-27 07:29:59 INFO  TestBase:12 - Test StartedvalidateAddNewAddress
2024-06-27 07:29:59 INFO  TestBase:91 - Finding an element:  By.id: input-email
2024-06-27 07:30:04 INFO  TestBase:96 - Found the element:  By.id: input-email
2024-06-27 07:30:05 INFO  TestBase:91 - Finding an element:  By.id: input-password
2024-06-27 07:30:05 INFO  TestBase:96 - Found the element:  By.id: input-password
2024-06-27 07:30:05 INFO  TestBase:91 - Finding an element:  By.xpath: //input[@type='submit']
2024-06-27 07:30:05 INFO  TestBase:96 - Found the element:  By.xpath: //input[@type='submit']
2024-06-27 07:30:06 INFO  TestBase:91 - Finding an element:  By.cssSelector: div.list-group a:nth-of-type(4)
2024-06-27 07:30:06 INFO  TestBase:96 - Found the element:  By.cssSelector: div.list-group a:nth-of-type(4)
2024-06-27 07:30:06 INFO  TestBase:102 - Clicking on element:  Address Book
2024-06-27 07:30:06 INFO  TestBase:16 - Running the failed test : validateAddNewAddress
2024-06-27 07:30:06 INFO  TestBase:29 - Test SkippedvalidateAddNewAddress
2024-06-27 07:30:09 INFO  TestBase:42 - Navigating to URL : https://naveenautomationlabs.com/opencart/index.php?route=account/login
2024-06-27 07:30:10 INFO  TestBase:48 - Navigated to URL : https://naveenautomationlabs.com/opencart/index.php?route=account/login
2024-06-27 07:30:10 INFO  TestBase:12 - Test StartedvalidateAddNewAddress
2024-06-27 07:30:10 INFO  TestBase:91 - Finding an element:  By.id: input-email
2024-06-27 07:30:12 INFO  TestBase:96 - Found the element:  By.id: input-email
2024-06-27 07:30:12 INFO  TestBase:91 - Finding an element:  By.id: input-password
2024-06-27 07:30:12 INFO  TestBase:96 - Found the element:  By.id: input-password
2024-06-27 07:30:13 INFO  TestBase:91 - Finding an element:  By.xpath: //input[@type='submit']
2024-06-27 07:30:13 INFO  TestBase:96 - Found the element:  By.xpath: //input[@type='submit']
2024-06-27 07:30:14 INFO  TestBase:91 - Finding an element:  By.cssSelector: div.list-group a:nth-of-type(4)
2024-06-27 07:30:14 INFO  TestBase:96 - Found the element:  By.cssSelector: div.list-group a:nth-of-type(4)
2024-06-27 07:30:14 INFO  TestBase:102 - Clicking on element:  Address Book
2024-06-27 07:30:14 INFO  TestBase:22 - Test FailedvalidateAddNewAddress
2024-06-27 07:30:14 INFO  TestBase:23 - Test Failed, taking screenshot
2024-06-27 07:30:15 INFO  TestBase:12 - Test StartedvalidateDeleteExistingAddress
2024-06-27 07:30:15 INFO  TestBase:29 - Test SkippedvalidateDeleteExistingAddress
2024-06-27 07:32:26 INFO  TestBase:42 - Navigating to URL : https://naveenautomationlabs.com/opencart/index.php?route=account/login
2024-06-27 07:32:29 INFO  TestBase:48 - Navigated to URL : https://naveenautomationlabs.com/opencart/index.php?route=account/login
2024-06-27 07:32:29 INFO  TestBase:12 - Test StartedvalidateChangePswWithInvalidPsw
2024-06-27 07:32:29 INFO  TestBase:91 - Finding an element:  By.id: input-email
2024-06-27 07:32:29 INFO  TestBase:96 - Found the element:  By.id: input-email
2024-06-27 07:32:29 INFO  TestBase:91 - Finding an element:  By.id: input-password
2024-06-27 07:32:29 INFO  TestBase:96 - Found the element:  By.id: input-password
2024-06-27 07:32:29 INFO  TestBase:91 - Finding an element:  By.xpath: //input[@type='submit']
2024-06-27 07:32:29 INFO  TestBase:96 - Found the element:  By.xpath: //input[@type='submit']
2024-06-27 07:32:30 INFO  TestBase:91 - Finding an element:  By.cssSelector: div.list-group a:nth-of-type(3)
2024-06-27 07:32:30 INFO  TestBase:96 - Found the element:  By.cssSelector: div.list-group a:nth-of-type(3)
2024-06-27 07:32:30 INFO  TestBase:102 - Clicking on element:  Password
2024-06-27 07:32:30 INFO  TestBase:16 - Running the failed test : validateChangePswWithInvalidPsw
2024-06-27 07:32:30 INFO  TestBase:29 - Test SkippedvalidateChangePswWithInvalidPsw
2024-06-27 07:32:31 INFO  TestBase:42 - Navigating to URL : https://naveenautomationlabs.com/opencart/index.php?route=account/login
2024-06-27 07:32:32 INFO  TestBase:48 - Navigated to URL : https://naveenautomationlabs.com/opencart/index.php?route=account/login
2024-06-27 07:32:32 INFO  TestBase:12 - Test StartedvalidateChangePswWithInvalidPsw
2024-06-27 07:32:32 INFO  TestBase:91 - Finding an element:  By.id: input-email
2024-06-27 07:32:33 INFO  TestBase:96 - Found the element:  By.id: input-email
2024-06-27 07:32:33 INFO  TestBase:91 - Finding an element:  By.id: input-password
2024-06-27 07:32:33 INFO  TestBase:96 - Found the element:  By.id: input-password
2024-06-27 07:32:33 INFO  TestBase:91 - Finding an element:  By.xpath: //input[@type='submit']
2024-06-27 07:32:33 INFO  TestBase:96 - Found the element:  By.xpath: //input[@type='submit']
2024-06-27 07:32:34 INFO  TestBase:91 - Finding an element:  By.cssSelector: div.list-group a:nth-of-type(3)
2024-06-27 07:32:34 INFO  TestBase:96 - Found the element:  By.cssSelector: div.list-group a:nth-of-type(3)
2024-06-27 07:32:34 INFO  TestBase:102 - Clicking on element:  Password
2024-06-27 07:32:34 INFO  TestBase:22 - Test FailedvalidateChangePswWithInvalidPsw
2024-06-27 07:32:34 INFO  TestBase:23 - Test Failed, taking screenshot
2024-06-27 07:32:36 INFO  TestBase:42 - Navigating to URL : https://naveenautomationlabs.com/opencart/index.php?route=account/login
2024-06-27 07:32:38 INFO  TestBase:48 - Navigated to URL : https://naveenautomationlabs.com/opencart/index.php?route=account/login
2024-06-27 07:32:38 INFO  TestBase:12 - Test StartedvalidateChangePswWithMismatchPsw
2024-06-27 07:32:38 INFO  TestBase:91 - Finding an element:  By.id: input-email
2024-06-27 07:32:38 INFO  TestBase:96 - Found the element:  By.id: input-email
2024-06-27 07:32:38 INFO  TestBase:91 - Finding an element:  By.id: input-password
2024-06-27 07:32:38 INFO  TestBase:96 - Found the element:  By.id: input-password
2024-06-27 07:32:38 INFO  TestBase:91 - Finding an element:  By.xpath: //input[@type='submit']
2024-06-27 07:32:38 INFO  TestBase:96 - Found the element:  By.xpath: //input[@type='submit']
2024-06-27 07:32:38 INFO  TestBase:91 - Finding an element:  By.cssSelector: div.list-group a:nth-of-type(3)
2024-06-27 07:32:38 INFO  TestBase:96 - Found the element:  By.cssSelector: div.list-group a:nth-of-type(3)
2024-06-27 07:32:39 INFO  TestBase:102 - Clicking on element:  Password
2024-06-27 07:32:39 INFO  TestBase:16 - Running the failed test : validateChangePswWithMismatchPsw
2024-06-27 07:32:39 INFO  TestBase:29 - Test SkippedvalidateChangePswWithMismatchPsw
2024-06-27 07:32:40 INFO  TestBase:42 - Navigating to URL : https://naveenautomationlabs.com/opencart/index.php?route=account/login
2024-06-27 07:32:42 INFO  TestBase:48 - Navigated to URL : https://naveenautomationlabs.com/opencart/index.php?route=account/login
2024-06-27 07:32:42 INFO  TestBase:12 - Test StartedvalidateChangePswWithMismatchPsw
2024-06-27 07:32:42 INFO  TestBase:91 - Finding an element:  By.id: input-email
2024-06-27 07:32:42 INFO  TestBase:96 - Found the element:  By.id: input-email
2024-06-27 07:32:43 INFO  TestBase:91 - Finding an element:  By.id: input-password
2024-06-27 07:32:43 INFO  TestBase:96 - Found the element:  By.id: input-password
2024-06-27 07:32:44 INFO  TestBase:91 - Finding an element:  By.xpath: //input[@type='submit']
2024-06-27 07:32:44 INFO  TestBase:96 - Found the element:  By.xpath: //input[@type='submit']
2024-06-27 07:32:44 INFO  TestBase:91 - Finding an element:  By.cssSelector: div.list-group a:nth-of-type(3)
2024-06-27 07:32:44 INFO  TestBase:96 - Found the element:  By.cssSelector: div.list-group a:nth-of-type(3)
2024-06-27 07:32:45 INFO  TestBase:102 - Clicking on element:  Password
2024-06-27 07:32:45 INFO  TestBase:22 - Test FailedvalidateChangePswWithMismatchPsw
2024-06-27 07:32:45 INFO  TestBase:23 - Test Failed, taking screenshot
